<?xml version="1.0" encoding="UTF-8"?>
<!-- Generated by org.testng.reporters.JUnitXMLReporter -->
<testsuite ignored="0" hostname="Amit.local" failures="0" tests="3" name="Default test" time="9.368" errors="0" timestamp="2025-02-22T12:56:30 GMT+06:00">
  <testcase classname="Amit.HeadlessMood" name="SeachGoogle" time="3.61"/>
  <testcase classname="Amit.HeadlessMood" name="SeachGoogle" time="2.829"/>
  <testcase classname="Amit.HeadlessMood" name="SeachGoogle" time="2.908"/>
</testsuite> <!-- Default test -->
