<?xml version="1.0" encoding="UTF-8"?>
<!-- Generated by org.testng.reporters.JUnitXMLReporter -->
<testsuite ignored="3" hostname="Amit.local" failures="0" tests="1" name="Test2" time="0.003" errors="0" timestamp="2025-03-17T01:03:33 GMT+06:00">
  <testcase classname="Mocks.GroupingConcept" name="test3" time="0.0"/>
  <testcase classname="Mocks.GroupingConcept" name="test4" time="0.0">
    <ignored/>
  </testcase> <!-- test4 -->
  <testcase classname="Mocks.GroupingConcept" name="test1" time="0.0">
    <ignored/>
  </testcase> <!-- test1 -->
  <testcase classname="Mocks.GroupingConcept" name="test2" time="0.0">
    <ignored/>
  </testcase> <!-- test2 -->
</testsuite> <!-- Test2 -->
