<?xml version="1.0" encoding="UTF-8"?>
<!-- Generated by org.testng.reporters.JUnitXMLReporter -->
<testsuite ignored="2" hostname="Amit.local" failures="0" tests="2" name="Test" time="0.03" errors="0" timestamp="2025-02-19T14:57:31 GMT+06:00">
  <testcase classname="Amit.GroupingTest" name="test1" time="0.005"/>
  <testcase classname="Amit.GroupingTest" name="test2" time="0.001"/>
  <testcase classname="Amit.GroupingTest" name="test4" time="0.0">
    <ignored/>
  </testcase> <!-- test4 -->
  <testcase classname="Amit.GroupingTest" name="test3" time="0.0">
    <ignored/>
  </testcase> <!-- test3 -->
</testsuite> <!-- Test -->
