<?xml version="1.0" encoding="UTF-8"?>
<!-- Generated by org.testng.reporters.JUnitXMLReporter -->
<testsuite ignored="1" hostname="Amit.local" failures="0" tests="3" name="Test1" time="0.032" errors="0" timestamp="2025-03-17T01:03:33 GMT+06:00">
  <testcase classname="Mocks.GroupingConcept" name="test1" time="0.006"/>
  <testcase classname="Mocks.GroupingConcept" name="test2" time="0.0"/>
  <testcase classname="Mocks.GroupingConcept" name="test4" time="0.001"/>
  <testcase classname="Mocks.GroupingConcept" name="test3" time="0.0">
    <ignored/>
  </testcase> <!-- test3 -->
</testsuite> <!-- Test1 -->
