<?xml version="1.0" encoding="UTF-8"?>
<!-- Generated by org.testng.reporters.JUnitXMLReporter -->
<testsuite ignored="3" hostname="Amit.local" failures="0" tests="1" name="Test" time="0.032" errors="0" timestamp="2025-03-17T00:59:15 GMT+06:00">
  <testcase classname="Mocks.GroupingConcept" name="test4" time="0.005"/>
  <testcase classname="Mocks.GroupingConcept" name="test1" time="0.0">
    <ignored/>
  </testcase> <!-- test1 -->
  <testcase classname="Mocks.GroupingConcept" name="test3" time="0.0">
    <ignored/>
  </testcase> <!-- test3 -->
  <testcase classname="Mocks.GroupingConcept" name="test2" time="0.0">
    <ignored/>
  </testcase> <!-- test2 -->
</testsuite> <!-- Test -->
