<?xml version="1.0" encoding="UTF-8"?>
<testng-results ignored="0" total="1" passed="1" failed="0" skipped="0">
  <reporter-output>
  </reporter-output>
  <suite started-at="2025-02-22T13:37:41 GMT+06:00" name="Default suite" finished-at="2025-02-22T13:37:54 GMT+06:00" duration-ms="12008">
    <groups>
    </groups>
    <test started-at="2025-02-22T13:37:41 GMT+06:00" name="Default test" finished-at="2025-02-22T13:37:54 GMT+06:00" duration-ms="12008">
      <class name="Amit.AutoSuggestionInSearch">
        <test-method signature="autoSearch()[pri:0, instance:Amit.AutoSuggestionInSearch@e4487af]" started-at="2025-02-22T13:37:42 GMT+06:00" name="autoSearch" finished-at="2025-02-22T13:37:54 GMT+06:00" duration-ms="11987" status="PASS">
          <reporter-output>
          </reporter-output>
        </test-method> <!-- autoSearch -->
      </class> <!-- Amit.AutoSuggestionInSearch -->
    </test> <!-- Default test -->
  </suite> <!-- Default suite -->
</testng-results>
