<?xml version="1.0" encoding="UTF-8"?>
<testng-results ignored="0" total="1" passed="1" failed="0" skipped="0">
  <reporter-output>
  </reporter-output>
  <suite started-at="2025-03-22T03:25:28 GMT+06:00" name="Default suite" finished-at="2025-03-22T03:25:45 GMT+06:00" duration-ms="16876">
    <groups>
    </groups>
    <test started-at="2025-03-22T03:25:28 GMT+06:00" name="Default test" finished-at="2025-03-22T03:25:45 GMT+06:00" duration-ms="16876">
      <class name="Mocks.brokenlinks">
        <test-method signature="broken()[pri:0, instance:Mocks.brokenlinks@687e99d8]" started-at="2025-03-22T03:25:28 GMT+06:00" name="broken" finished-at="2025-03-22T03:25:45 GMT+06:00" duration-ms="16857" status="PASS">
          <reporter-output>
          </reporter-output>
        </test-method> <!-- broken -->
      </class> <!-- Mocks.brokenlinks -->
    </test> <!-- Default test -->
  </suite> <!-- Default suite -->
</testng-results>
